{
  "stats": {
    "suites": 2,
    "tests": 8,
    "passes": 7,
    "pending": 0,
    "failures": 1,
    "start": "2023-05-20T10:15:26.741Z",
    "end": "2023-05-20T10:17:32.478Z",
    "duration": 125737,
    "testsRegistered": 8,
    "passPercent": 87.5,
    "pendingPercent": 0,
    "other": 0,
    "hasOther": false,
    "skipped": 0,
    "hasSkipped": false
  },
  "results": [
    {
      "uuid": "75766dd2-c46a-44eb-b0d6-e8106f7f5d79",
      "title": "",
      "fullFile": "cypress/e2e/e2e_test.cy.js",
      "file": "cypress/e2e/e2e_test.cy.js",
      "beforeHooks": [],
      "afterHooks": [],
      "tests": [],
      "suites": [
        {
          "uuid": "3409e01f-dc48-4adf-8640-d9fe889fc822",
          "title": "E2E Tests",
          "fullFile": "",
          "file": "",
          "beforeHooks": [],
          "afterHooks": [],
          "tests": [
            {
              "title": "Add to cart",
              "fullTitle": "E2E Tests Add to cart",
              "timedOut": null,
              "duration": 29297,
              "state": "passed",
              "speed": "slow",
              "pass": true,
              "fail": false,
              "pending": false,
              "context": null,
              "code": "_amazonPage.default.openProductPage(_testData.default.productTitle);\n_amazonPage.default.getProductTitle().then(title => {\n  let text = title.text();\n  cy.log('Product title : ' + text);\n  expect(text.includes(_testData.default.productTitle)).to.be.true;\n  expect(text.includes(_testData.default.productModel)).to.be.true;\n});\nlet productPrice;\n_amazonPage.default.getProductPrice().then(price => {\n  productPrice = price.text();\n  cy.log('Product price : ' + productPrice);\n});\n_amazonPage.default.addToCart();\n_amazonPage.default.getAddToCartMessage().then(message => {\n  let text = message.text();\n  cy.log('Add to cart message : ' + text);\n  expect(text.trim() === _testData.default.addToCartMessage).to.be.true;\n});\n_amazonPage.default.openCartPage();\n_amazonPage.default.getProductPriceFromCart().then(price => {\n  let text = price.text();\n  cy.log('Product price from cart : ' + text);\n  expect(text === productPrice).to.be.true;\n});\n_amazonPage.default.getSubTotalPrice().then(price => {\n  let text = price.text();\n  cy.log('Sub total price from cart : ' + text);\n  expect(text === productPrice).to.be.true;\n});",
              "err": {},
              "uuid": "8aeb092e-86dc-4f58-ae86-8875ffbaae9f",
              "parentUUID": "3409e01f-dc48-4adf-8640-d9fe889fc822",
              "isHook": false,
              "skipped": false
            },
            {
              "title": "Validate price range",
              "fullTitle": "E2E Tests Validate price range",
              "timedOut": null,
              "duration": 19652,
              "state": "failed",
              "speed": null,
              "pass": false,
              "fail": true,
              "pending": false,
              "context": null,
              "code": "_amazonPage.default.getPriceListFromSearch();",
              "err": {
                "message": "AssertionError: Price does not satisfy the defined range: expected 375 to be within 700..800",
                "estack": "AssertionError: Price does not satisfy the defined range: expected 375 to be within 700..800\n    at Context.eval (webpack:///./cypress/pages/amazonPage.js:107:40)",
                "diff": null
              },
              "uuid": "cf4e1e95-c4d9-4cd6-b2fb-dd53973b3102",
              "parentUUID": "3409e01f-dc48-4adf-8640-d9fe889fc822",
              "isHook": false,
              "skipped": false
            }
          ],
          "suites": [],
          "passes": [
            "8aeb092e-86dc-4f58-ae86-8875ffbaae9f"
          ],
          "failures": [
            "cf4e1e95-c4d9-4cd6-b2fb-dd53973b3102"
          ],
          "pending": [],
          "skipped": [],
          "duration": 48949,
          "root": false,
          "rootEmpty": false,
          "_timeout": 2000
        },
        {
          "uuid": "2aad8505-95ec-4a2a-a46a-7684c87bbf3f",
          "title": "Price filter test",
          "fullFile": "",
          "file": "",
          "beforeHooks": [],
          "afterHooks": [],
          "tests": [
            {
              "title": "Test with price with decimal point",
              "fullTitle": "Price filter test Test with price with decimal point",
              "timedOut": null,
              "duration": 9712,
              "state": "passed",
              "speed": "medium",
              "pass": true,
              "fail": false,
              "pending": false,
              "context": null,
              "code": "_amazonPage.default.filterWithMinMaxPrice(700.99, 800.99);\n_amazonPage.default.validateMinAndMaxFieldAreEmpty();",
              "err": {},
              "uuid": "b0c7a76d-3e11-44a9-a965-1f9e8db49074",
              "parentUUID": "2aad8505-95ec-4a2a-a46a-7684c87bbf3f",
              "isHook": false,
              "skipped": false
            },
            {
              "title": "Test with zero price",
              "fullTitle": "Price filter test Test with zero price",
              "timedOut": null,
              "duration": 9118,
              "state": "passed",
              "speed": "medium",
              "pass": true,
              "fail": false,
              "pending": false,
              "context": null,
              "code": "_amazonPage.default.filterWithMinMaxPrice(0, 0);\n_amazonPage.default.validateMinAndMaxFieldAreEmpty();",
              "err": {},
              "uuid": "a0e00ea2-b98c-4109-9da9-143ec223988f",
              "parentUUID": "2aad8505-95ec-4a2a-a46a-7684c87bbf3f",
              "isHook": false,
              "skipped": false
            },
            {
              "title": "Test with blank input",
              "fullTitle": "Price filter test Test with blank input",
              "timedOut": null,
              "duration": 9352,
              "state": "passed",
              "speed": "medium",
              "pass": true,
              "fail": false,
              "pending": false,
              "context": null,
              "code": "_amazonPage.default.filterWithMinMaxPrice(' ', ' ');\n_amazonPage.default.validateMinAndMaxFieldAreEmpty();",
              "err": {},
              "uuid": "76efae27-f21e-4649-b546-c2cfcc6c81ab",
              "parentUUID": "2aad8505-95ec-4a2a-a46a-7684c87bbf3f",
              "isHook": false,
              "skipped": false
            },
            {
              "title": "Test with negative price",
              "fullTitle": "Price filter test Test with negative price",
              "timedOut": null,
              "duration": 10306,
              "state": "passed",
              "speed": "slow",
              "pass": true,
              "fail": false,
              "pending": false,
              "context": null,
              "code": "_amazonPage.default.filterWithMinMaxPrice(-700, -800);\n_amazonPage.default.validateMinAndMaxFieldAreEmpty();",
              "err": {},
              "uuid": "5e08e2fd-b5fc-47f9-88e5-9d36a71a0df9",
              "parentUUID": "2aad8505-95ec-4a2a-a46a-7684c87bbf3f",
              "isHook": false,
              "skipped": false
            },
            {
              "title": "Test with min price greater than max price",
              "fullTitle": "Price filter test Test with min price greater than max price",
              "timedOut": null,
              "duration": 7581,
              "state": "passed",
              "speed": "medium",
              "pass": true,
              "fail": false,
              "pending": false,
              "context": null,
              "code": "_amazonPage.default.filterWithMinMaxPrice(800, 700);\n_amazonPage.default.validateMinAndMaxFieldAreEmpty();",
              "err": {},
              "uuid": "39643026-b9af-4a7d-ade4-46bdc5900451",
              "parentUUID": "2aad8505-95ec-4a2a-a46a-7684c87bbf3f",
              "isHook": false,
              "skipped": false
            },
            {
              "title": "Test with character input in price",
              "fullTitle": "Price filter test Test with character input in price",
              "timedOut": null,
              "duration": 9248,
              "state": "passed",
              "speed": "medium",
              "pass": true,
              "fail": false,
              "pending": false,
              "context": null,
              "code": "_amazonPage.default.filterWithMinMaxPrice('ABC', 'DEF');\n_amazonPage.default.validateMinAndMaxFieldAreEmpty();",
              "err": {},
              "uuid": "2bf4347b-e046-4c78-b006-d0215447f316",
              "parentUUID": "2aad8505-95ec-4a2a-a46a-7684c87bbf3f",
              "isHook": false,
              "skipped": false
            }
          ],
          "suites": [],
          "passes": [
            "b0c7a76d-3e11-44a9-a965-1f9e8db49074",
            "a0e00ea2-b98c-4109-9da9-143ec223988f",
            "76efae27-f21e-4649-b546-c2cfcc6c81ab",
            "5e08e2fd-b5fc-47f9-88e5-9d36a71a0df9",
            "39643026-b9af-4a7d-ade4-46bdc5900451",
            "2bf4347b-e046-4c78-b006-d0215447f316"
          ],
          "failures": [],
          "pending": [],
          "skipped": [],
          "duration": 55317,
          "root": false,
          "rootEmpty": false,
          "_timeout": 2000
        }
      ],
      "passes": [],
      "failures": [],
      "pending": [],
      "skipped": [],
      "duration": 0,
      "root": true,
      "rootEmpty": true,
      "_timeout": 2000
    }
  ],
  "meta": {
    "mocha": {
      "version": "7.0.1"
    },
    "mochawesome": {
      "options": {
        "quiet": false,
        "reportFilename": "report",
        "saveHtml": true,
        "saveJson": true,
        "consoleReporter": "spec",
        "useInlineDiffs": false,
        "code": true
      },
      "version": "7.1.3"
    },
    "marge": {
      "options": {
        "html": true,
        "json": true,
        "reportDir": "cypress/reports",
        "reportFilename": "report",
        "overwrite": true
      },
      "version": "6.2.0"
    }
  }
}